d:\github project\directx11\directx11\engine\debug\engine_debug.pch
d:\github project\directx11\directx11\engine\debug\engine.pdb
d:\github project\directx11\directx11\engine\debug\engine.idb
d:\github project\directx11\directx11\engine\debug\stdafx.obj
d:\github project\directx11\directx11\engine\debug\core.obj
d:\github project\directx11\directx11\engine\debug\device.obj
d:\github project\directx11\directx11\engine\debug\filepathsearch.obj
d:\github project\directx11\directx11\engine\debug\func.obj
d:\github project\directx11\directx11\debug\pixelshader.cso
d:\github project\directx11\directx11\debug\vertexshader.cso
d:\github project\directx11\directx11\debug\engine_debug.lib
d:\github project\directx11\directx11\engine\debug\engine.res
d:\github project\directx11\directx11\engine\debug\engine.tlog\cl.command.1.tlog
d:\github project\directx11\directx11\engine\debug\engine.tlog\cl.read.1.tlog
d:\github project\directx11\directx11\engine\debug\engine.tlog\cl.write.1.tlog
d:\github project\directx11\directx11\engine\debug\engine.tlog\engine.write.1u.tlog
d:\github project\directx11\directx11\engine\debug\engine.tlog\fxc.command.1.tlog
d:\github project\directx11\directx11\engine\debug\engine.tlog\fxc.read.1.tlog
d:\github project\directx11\directx11\engine\debug\engine.tlog\fxc.write.1.tlog
d:\github project\directx11\directx11\engine\debug\engine.tlog\lib-link-cvtres.read.1.tlog
d:\github project\directx11\directx11\engine\debug\engine.tlog\lib-link-cvtres.write.1.tlog
d:\github project\directx11\directx11\engine\debug\engine.tlog\lib.command.1.tlog
d:\github project\directx11\directx11\engine\debug\engine.tlog\rc.command.1.tlog
d:\github project\directx11\directx11\engine\debug\engine.tlog\rc.read.1.tlog
d:\github project\directx11\directx11\engine\debug\engine.tlog\rc.write.1.tlog
