d:\github project\directx11\directx11\03. tool\debug\03. tool.pch
d:\github project\directx11\directx11\03. tool\debug\vc141.pdb
d:\github project\directx11\directx11\03. tool\debug\vc141.idb
d:\github project\directx11\directx11\03. tool\debug\stdafx.obj
d:\github project\directx11\directx11\03. tool\debug\resinfodlg.obj
d:\github project\directx11\directx11\03. tool\debug\mysplitterwnd.obj
d:\github project\directx11\directx11\03. tool\debug\meshrenderdlg.obj
d:\github project\directx11\directx11\03. tool\debug\materialdlg.obj
d:\github project\directx11\directx11\03. tool\debug\listdlg.obj
d:\github project\directx11\directx11\03. tool\debug\hierachyview.obj
d:\github project\directx11\directx11\03. tool\debug\gameview.obj
d:\github project\directx11\directx11\03. tool\debug\gameobjectdlg.obj
d:\github project\directx11\directx11\03. tool\debug\dbgview.obj
d:\github project\directx11\directx11\03. tool\debug\componentview.obj
d:\github project\directx11\directx11\03. tool\debug\componentdlg.obj
d:\github project\directx11\directx11\03. tool\debug\collisionlayer.obj
d:\github project\directx11\directx11\03. tool\debug\collider2ddlg.obj
d:\github project\directx11\directx11\03. tool\debug\cameradlg.obj
d:\github project\directx11\directx11\03. tool\debug\btnview.obj
d:\github project\directx11\directx11\03. tool\debug\animator2ddlg.obj
d:\github project\directx11\directx11\03. tool\debug\addlayerdlg.obj
d:\github project\directx11\directx11\03. tool\debug\addcomponentdlg.obj
d:\github project\directx11\directx11\03. tool\debug\addanimfile.obj
d:\github project\directx11\directx11\03. tool\debug\addanimdlg.obj
d:\github project\directx11\directx11\03. tool\debug\transformdlg.obj
d:\github project\directx11\directx11\03. tool\debug\mainfrm.obj
d:\github project\directx11\directx11\03. tool\debug\toolapp.obj
d:\github project\directx11\directx11\03. tool\debug\scriptdlg.obj
d:\github project\directx11\directx11\03. tool\debug\resourcedlg.obj
d:\github project\directx11\directx11\bin_debug\03. tool.ilk
d:\github project\directx11\directx11\bin_debug\03. tool.exe
d:\github project\directx11\directx11\bin_debug\03. tool.pdb
d:\github project\directx11\directx11\03. tool\debug\my03tool.res
d:\github project\directx11\directx11\03. tool\debug\03. tool.tlog\cl.command.1.tlog
d:\github project\directx11\directx11\03. tool\debug\03. tool.tlog\cl.read.1.tlog
d:\github project\directx11\directx11\03. tool\debug\03. tool.tlog\cl.write.1.tlog
d:\github project\directx11\directx11\03. tool\debug\03. tool.tlog\link.command.1.tlog
d:\github project\directx11\directx11\03. tool\debug\03. tool.tlog\link.read.1.tlog
d:\github project\directx11\directx11\03. tool\debug\03. tool.tlog\link.write.1.tlog
d:\github project\directx11\directx11\03. tool\debug\03. tool.tlog\rc.command.1.tlog
d:\github project\directx11\directx11\03. tool\debug\03. tool.tlog\rc.read.1.tlog
d:\github project\directx11\directx11\03. tool\debug\03. tool.tlog\rc.write.1.tlog
