  .\02. Engine\Animation2D.h
  .\02. Engine\Animator2D.h
  .\02. Engine\BlendState.h
  .\02. Engine\Camera.h
  .\02. Engine\Collider2D.h
  .\02. Engine\CollisionMgr.h
  .\02. Engine\Component.h
  .\02. Engine\ConstBuffer.h
  .\02. Engine\Core.h
  .\02. Engine\define.h
  .\02. Engine\DepthStencilState.h
  .\02. Engine\Device.h
  .\02. Engine\Entity.h
  .\02. Engine\EventMgr.h
  .\02. Engine\func.h
  .\02. Engine\GameObject.h
  .\02. Engine\global.h
  .\02. Engine\KeyMgr.h
  .\02. Engine\Layer.h
  .\02. Engine\Material.h
  .\02. Engine\Mesh.h
  .\02. Engine\MeshRender.h
  .\02. Engine\MousePicking.h
  .\02. Engine\PathMgr.h
  .\02. Engine\Prefab.h
  .\02. Engine\RenderMgr.h
  .\02. Engine\ResMgr.h
  .\02. Engine\Resource.h
  .\02. Engine\ResPtr.h
  .\02. Engine\SamplerState.h
  .\02. Engine\Scene.h
  .\02. Engine\SceneMgr.h
  .\02. Engine\Script.h
  .\02. Engine\Shader.h
  .\02. Engine\Sound.h
  .\02. Engine\State.h
  .\02. Engine\struct.h
  .\02. Engine\Texture.h
  .\02. Engine\TimeMgr.h
  .\02. Engine\Transform.h
  40개 파일이 복사되었습니다.
  .\02. Engine\effect.fx
  .\02. Engine\std.fx
  .\02. Engine\value.fx
  3개 파일이 복사되었습니다.
FXC : warning X4717: Effects deprecated for D3DCompiler_47
  
  //
  // FX Version: fx_5_0
  //
  // 4 local buffer(s)
  //
  cbuffer MATRIX : register(b0)
  {
      float4x4 g_matWorld;                // Offset:    0, size:   64
      float4x4 g_matView;                 // Offset:   64, size:   64
      float4x4 g_matProj;                 // Offset:  128, size:   64
      float4x4 g_matWV;                   // Offset:  192, size:   64
      float4x4 g_matWVP;                  // Offset:  256, size:   64
  }
  
  cbuffer MATERIAL : register(b1)
  {
      int     g_int_0;                    // Offset:    0, size:    4
      int     g_int_1;                    // Offset:    4, size:    4
      int     g_int_2;                    // Offset:    8, size:    4
      int     g_int_3;                    // Offset:   12, size:    4
      TileComponent g_tileData[256];      // Offset:   16, size: 4096
      float   g_float_0;                  // Offset: 4112, size:    4
      float   g_float_1;                  // Offset: 4116, size:    4
      float   g_float_2;                  // Offset: 4120, size:    4
      float   g_float_3;                  // Offset: 4124, size:    4
      float2  g_vec2_0;                   // Offset: 4128, size:    8
      float2  g_vec2_1;                   // Offset: 4136, size:    8
      float2  g_vec2_2;                   // Offset: 4144, size:    8
      float2  g_vec2_3;                   // Offset: 4152, size:    8
      float4  g_vec4_0;                   // Offset: 4160, size:   16
      float4  g_vec4_1;                   // Offset: 4176, size:   16
      float4  g_vec4_2;                   // Offset: 4192, size:   16
      float4  g_vec4_3;                   // Offset: 4208, size:   16
      float4x4 g_mat_0;                   // Offset: 4224, size:   64
      float4x4 g_mat_1;                   // Offset: 4288, size:   64
      float4x4 g_mat_2;                   // Offset: 4352, size:   64
      float4x4 g_mat_3;                   // Offset: 4416, size:   64
  }
  
  cbuffer ANIM2D : register(b2)
  {
      float2  vLT;                        // Offset:    0, size:    8
      float2  vSize;                      // Offset:    8, size:    8
      int     iAnimCheck;                 // Offset:   16, size:    4
      float3  vPadding;                   // Offset:   20, size:   12
  }
  
  cbuffer GLOBAL_VALUE : register(b3)
  {
      uint    iLightCount;                // Offset:    0, size:    4
      float   fDT;                        // Offset:    4, size:    4
      float   fAccTime;                   // Offset:    8, size:    4
      float   fPadding;                   // Offset:   12, size:    4
  }
  
  //
  // 9 local object(s)
  //
  Texture2D g_tex_0;
  Texture2D g_tex_1;
  Texture2D g_tex_2;
  Texture2D g_tex_3;
  Texture2D g_tex_anim;
  SamplerState g_sam_0
  {
  };
  SamplerState g_sam_1
  {
  };
  SamplerState g_sam_2
  {
  };
  SamplerState g_sam_3
  {
  };
  
FXC : warning X4717: Effects deprecated for D3DCompiler_47
  
  //
  // FX Version: fx_5_0
  //
  // 4 local buffer(s)
  //
  cbuffer MATRIX : register(b0)
  {
      float4x4 g_matWorld;                // Offset:    0, size:   64
      float4x4 g_matView;                 // Offset:   64, size:   64
      float4x4 g_matProj;                 // Offset:  128, size:   64
      float4x4 g_matWV;                   // Offset:  192, size:   64
      float4x4 g_matWVP;                  // Offset:  256, size:   64
  }
  
  cbuffer MATERIAL : register(b1)
  {
      int     g_int_0;                    // Offset:    0, size:    4
      int     g_int_1;                    // Offset:    4, size:    4
      int     g_int_2;                    // Offset:    8, size:    4
      int     g_int_3;                    // Offset:   12, size:    4
      TileComponent g_tileData[256];      // Offset:   16, size: 4096
      float   g_float_0;                  // Offset: 4112, size:    4
      float   g_float_1;                  // Offset: 4116, size:    4
      float   g_float_2;                  // Offset: 4120, size:    4
      float   g_float_3;                  // Offset: 4124, size:    4
      float2  g_vec2_0;                   // Offset: 4128, size:    8
      float2  g_vec2_1;                   // Offset: 4136, size:    8
      float2  g_vec2_2;                   // Offset: 4144, size:    8
      float2  g_vec2_3;                   // Offset: 4152, size:    8
      float4  g_vec4_0;                   // Offset: 4160, size:   16
      float4  g_vec4_1;                   // Offset: 4176, size:   16
      float4  g_vec4_2;                   // Offset: 4192, size:   16
      float4  g_vec4_3;                   // Offset: 4208, size:   16
      float4x4 g_mat_0;                   // Offset: 4224, size:   64
      float4x4 g_mat_1;                   // Offset: 4288, size:   64
      float4x4 g_mat_2;                   // Offset: 4352, size:   64
      float4x4 g_mat_3;                   // Offset: 4416, size:   64
  }
  
  cbuffer ANIM2D : register(b2)
  {
      float2  vLT;                        // Offset:    0, size:    8
      float2  vSize;                      // Offset:    8, size:    8
      int     iAnimCheck;                 // Offset:   16, size:    4
      float3  vPadding;                   // Offset:   20, size:   12
  }
  
  cbuffer GLOBAL_VALUE : register(b3)
  {
      uint    iLightCount;                // Offset:    0, size:    4
      float   fDT;                        // Offset:    4, size:    4
      float   fAccTime;                   // Offset:    8, size:    4
      float   fPadding;                   // Offset:   12, size:    4
  }
  
  //
  // 9 local object(s)
  //
  Texture2D g_tex_0;
  Texture2D g_tex_1;
  Texture2D g_tex_2;
  Texture2D g_tex_3;
  Texture2D g_tex_anim;
  SamplerState g_sam_0
  {
  };
  SamplerState g_sam_1
  {
  };
  SamplerState g_sam_2
  {
  };
  SamplerState g_sam_3
  {
  };
  
FXC : warning X4717: Effects deprecated for D3DCompiler_47
  
  //
  // FX Version: fx_5_0
  //
  // 4 local buffer(s)
  //
  cbuffer MATRIX : register(b0)
  {
      float4x4 g_matWorld;                // Offset:    0, size:   64
      float4x4 g_matView;                 // Offset:   64, size:   64
      float4x4 g_matProj;                 // Offset:  128, size:   64
      float4x4 g_matWV;                   // Offset:  192, size:   64
      float4x4 g_matWVP;                  // Offset:  256, size:   64
  }
  
  cbuffer MATERIAL : register(b1)
  {
      int     g_int_0;                    // Offset:    0, size:    4
      int     g_int_1;                    // Offset:    4, size:    4
      int     g_int_2;                    // Offset:    8, size:    4
      int     g_int_3;                    // Offset:   12, size:    4
      TileComponent g_tileData[256];      // Offset:   16, size: 4096
      float   g_float_0;                  // Offset: 4112, size:    4
      float   g_float_1;                  // Offset: 4116, size:    4
      float   g_float_2;                  // Offset: 4120, size:    4
      float   g_float_3;                  // Offset: 4124, size:    4
      float2  g_vec2_0;                   // Offset: 4128, size:    8
      float2  g_vec2_1;                   // Offset: 4136, size:    8
      float2  g_vec2_2;                   // Offset: 4144, size:    8
      float2  g_vec2_3;                   // Offset: 4152, size:    8
      float4  g_vec4_0;                   // Offset: 4160, size:   16
      float4  g_vec4_1;                   // Offset: 4176, size:   16
      float4  g_vec4_2;                   // Offset: 4192, size:   16
      float4  g_vec4_3;                   // Offset: 4208, size:   16
      float4x4 g_mat_0;                   // Offset: 4224, size:   64
      float4x4 g_mat_1;                   // Offset: 4288, size:   64
      float4x4 g_mat_2;                   // Offset: 4352, size:   64
      float4x4 g_mat_3;                   // Offset: 4416, size:   64
  }
  
  cbuffer ANIM2D : register(b2)
  {
      float2  vLT;                        // Offset:    0, size:    8
      float2  vSize;                      // Offset:    8, size:    8
      int     iAnimCheck;                 // Offset:   16, size:    4
      float3  vPadding;                   // Offset:   20, size:   12
  }
  
  cbuffer GLOBAL_VALUE : register(b3)
  {
      uint    iLightCount;                // Offset:    0, size:    4
      float   fDT;                        // Offset:    4, size:    4
      float   fAccTime;                   // Offset:    8, size:    4
      float   fPadding;                   // Offset:   12, size:    4
  }
  
  //
  // 9 local object(s)
  //
  Texture2D g_tex_0;
  Texture2D g_tex_1;
  Texture2D g_tex_2;
  Texture2D g_tex_3;
  Texture2D g_tex_anim;
  SamplerState g_sam_0
  {
  };
  SamplerState g_sam_1
  {
  };
  SamplerState g_sam_2
  {
  };
  SamplerState g_sam_3
  {
  };
  
  ResMgr.cpp
ResPtr.obj : warning LNK4221: 이 개체 파일은 이전에 정의되지 않은 공용 기호를 정의하지 않으므로 이 라이브러리를 사용하는 어떠한 링크 작업에도 사용되지 않습니다.
  02. Engine.vcxproj -> D:\GitHub Project\DirectX11\DirectX11\Project\Library\Engine\x86\Uryty_debug.lib
