d:\github project\directx11\directx11\02. engine\debug\uryty_debug.pch
d:\github project\directx11\directx11\02. engine\debug\02. engine.pdb
d:\github project\directx11\directx11\02. engine\debug\02. engine.idb
d:\github project\directx11\directx11\02. engine\debug\stdafx.obj
d:\github project\directx11\directx11\02. engine\debug\material.obj
d:\github project\directx11\directx11\02. engine\debug\layer.obj
d:\github project\directx11\directx11\02. engine\debug\keymgr.obj
d:\github project\directx11\directx11\02. engine\debug\gameobject.obj
d:\github project\directx11\directx11\02. engine\debug\func.obj
d:\github project\directx11\directx11\02. engine\debug\entity.obj
d:\github project\directx11\directx11\02. engine\debug\device.obj
d:\github project\directx11\directx11\02. engine\debug\prefab.obj
d:\github project\directx11\directx11\02. engine\debug\mousepicking.obj
d:\github project\directx11\directx11\02. engine\debug\eventmgr.obj
d:\github project\directx11\directx11\02. engine\debug\depthstencilstate.obj
d:\github project\directx11\directx11\02. engine\debug\core.obj
d:\github project\directx11\directx11\02. engine\debug\constbuffer.obj
d:\github project\directx11\directx11\02. engine\debug\component.obj
d:\github project\directx11\directx11\02. engine\debug\collisionmgr.obj
d:\github project\directx11\directx11\02. engine\debug\collider2d.obj
d:\github project\directx11\directx11\02. engine\debug\camera.obj
d:\github project\directx11\directx11\02. engine\debug\blendstate.obj
d:\github project\directx11\directx11\02. engine\debug\animator2d.obj
d:\github project\directx11\directx11\02. engine\debug\animation2d.obj
d:\github project\directx11\directx11\02. engine\debug\transform.obj
d:\github project\directx11\directx11\02. engine\debug\timemgr.obj
d:\github project\directx11\directx11\02. engine\debug\texture.obj
d:\github project\directx11\directx11\02. engine\debug\state.obj
d:\github project\directx11\directx11\02. engine\debug\sound.obj
d:\github project\directx11\directx11\02. engine\debug\shader.obj
d:\github project\directx11\directx11\02. engine\debug\script.obj
d:\github project\directx11\directx11\02. engine\debug\scenemgr.obj
d:\github project\directx11\directx11\02. engine\debug\scene.obj
d:\github project\directx11\directx11\02. engine\debug\samplerstate.obj
d:\github project\directx11\directx11\02. engine\debug\resptr.obj
d:\github project\directx11\directx11\02. engine\debug\resource.obj
d:\github project\directx11\directx11\02. engine\debug\resmgr.obj
d:\github project\directx11\directx11\02. engine\debug\rendermgr.obj
d:\github project\directx11\directx11\02. engine\debug\pathmgr.obj
d:\github project\directx11\directx11\02. engine\debug\meshrender.obj
d:\github project\directx11\directx11\02. engine\debug\mesh.obj
d:\github project\directx11\directx11\project\library\engine\x86\uryty_debug.lib
d:\github project\directx11\directx11\02. engine\debug\02. engine.tlog\cl.command.1.tlog
d:\github project\directx11\directx11\02. engine\debug\02. engine.tlog\cl.read.1.tlog
d:\github project\directx11\directx11\02. engine\debug\02. engine.tlog\cl.write.1.tlog
d:\github project\directx11\directx11\02. engine\debug\02. engine.tlog\fxc.command.1.tlog
d:\github project\directx11\directx11\02. engine\debug\02. engine.tlog\fxc.read.1.tlog
d:\github project\directx11\directx11\02. engine\debug\02. engine.tlog\lib-link.read.1.tlog
d:\github project\directx11\directx11\02. engine\debug\02. engine.tlog\lib-link.write.1.tlog
d:\github project\directx11\directx11\02. engine\debug\02. engine.tlog\lib.command.1.tlog
